<?xml version="1.0" encoding="UTF-8"?>
<!-- Generated by org.testng.reporters.JUnitReportReporter -->
<testsuite hostname="DESKTOP-P7A3JIB" failures="0" tests="4" name="TestCases.Testcases" time="17.672" errors="0" timestamp="2024-06-18T13:22:52 IST" skipped="0">
  <testcase classname="TestCases.Testcases" name="buyDetialsTest" time="6.999"/>
  <system-out/>
  <testcase classname="TestCases.Testcases" name="loginTest" time="1.683"/>
  <system-out/>
  <testcase classname="TestCases.Testcases" name="placeOrderPage" time="3.458"/>
  <system-out/>
  <testcase classname="TestCases.Testcases" name="addTOcartTest" time="5.532"/>
  <system-out/>
</testsuite> <!-- TestCases.Testcases -->
