<?xml version="1.0" encoding="UTF-8"?>
<!-- Generated by org.testng.reporters.JUnitReportReporter -->
<testsuite hostname="DESKTOP-P7A3JIB" failures="0" tests="1" name="TestCases.demo" time="0.015" errors="0" timestamp="2024-05-26T12:02:22 IST" skipped="0">
  <testcase classname="TestCases.demo" name="demoTest" time="0.015"/>
  <system-out/>
</testsuite> <!-- TestCases.demo -->
