<?xml version="1.0" encoding="UTF-8"?>
<!-- Generated by org.testng.reporters.JUnitReportReporter -->
<testsuite hostname="DESKTOP-P7A3JIB" failures="0" tests="1" name="TestCases.ScreenShotTest" time="7.157" errors="0" timestamp="2024-06-10T13:32:21 IST" skipped="0">
  <testcase classname="TestCases.ScreenShotTest" name="takeScreenshotTest" time="7.157"/>
  <system-out/>
</testsuite> <!-- TestCases.ScreenShotTest -->
